Assuming unrestricted shared filesystem usage.
None
host: Justins-Mini
Building DAG of jobs...
Using shell: /bin/bash
Provided cores: 1 (use --cores to define parallelism)
Rules claiming more threads will be scaled down.
Job stats:
job                 count
----------------  -------
all                     1
fastq_to_vcf            1
vcf_to_annotated        1
total                   3

Select jobs to execute...
Execute 1 jobs...
[Wed Aug 20 13:43:02 2025]
localrule fastq_to_vcf:
    input: sample.fastq
    output: sample.vcf
    jobid: 2
    reason: Missing output files: sample.vcf
    resources: tmpdir=/var/folders/db/dkqv3mq12fg2m2pqjzjx0_700000gn/T
RuleException:
CalledProcessError in file "/Users/justin/GENOMIC_ETL_PROJECT/etl/Snakefile", line 13:
Command 'set -euo pipefail;  python scripts/fastq_to_vcf.py sample.fastq sample.vcf' returned non-zero exit status 2.
[Wed Aug 20 13:43:02 2025]
Error in rule fastq_to_vcf:
    message: None
    jobid: 2
    input: sample.fastq
    output: sample.vcf
    shell:
        python scripts/fastq_to_vcf.py sample.fastq sample.vcf
        (command exited with non-zero exit code)
Shutting down, this might take some time.
Exiting because a job execution failed. Look below for error messages
[Wed Aug 20 13:43:02 2025]
Error in rule fastq_to_vcf:
    message: None
    jobid: 2
    input: sample.fastq
    output: sample.vcf
    shell:
        python scripts/fastq_to_vcf.py sample.fastq sample.vcf
        (command exited with non-zero exit code)
Complete log(s): /Users/justin/GENOMIC_ETL_PROJECT/etl/.snakemake/log/2025-08-20T134302.457010.snakemake.log
WorkflowError:
At least one job did not complete successfully.
