Assuming unrestricted shared filesystem usage.
None
host: Justins-Mini
Building DAG of jobs...
Using shell: /bin/bash
Provided cores: 1 (use --cores to define parallelism)
Rules claiming more threads will be scaled down.
Job stats:
job                 count
----------------  -------
all                     1
fastq_to_vcf            1
vcf_to_annotated        1
total                   3

Select jobs to execute...
Execute 1 jobs...
[Wed Aug 20 13:43:50 2025]
localrule fastq_to_vcf:
    input: sample.fastq
    output: sample.vcf
    jobid: 2
    reason: Missing output files: sample.vcf
    resources: tmpdir=/var/folders/db/dkqv3mq12fg2m2pqjzjx0_700000gn/T
[Wed Aug 20 13:43:50 2025]
Finished jobid: 2 (Rule: fastq_to_vcf)
1 of 3 steps (33%) done
Select jobs to execute...
Execute 1 jobs...
[Wed Aug 20 13:43:50 2025]
localrule vcf_to_annotated:
    input: sample.vcf
    output: annotated_variants.csv
    jobid: 1
    reason: Missing output files: annotated_variants.csv; Input files updated by another job: sample.vcf
    resources: tmpdir=/var/folders/db/dkqv3mq12fg2m2pqjzjx0_700000gn/T
[Wed Aug 20 13:43:50 2025]
Finished jobid: 1 (Rule: vcf_to_annotated)
2 of 3 steps (67%) done
Select jobs to execute...
Execute 1 jobs...
[Wed Aug 20 13:43:50 2025]
localrule all:
    input: annotated_variants.csv
    jobid: 0
    reason: Input files updated by another job: annotated_variants.csv
    resources: tmpdir=/var/folders/db/dkqv3mq12fg2m2pqjzjx0_700000gn/T
[Wed Aug 20 13:43:50 2025]
Finished jobid: 0 (Rule: all)
3 of 3 steps (100%) done
Complete log(s): /Users/justin/GENOMIC_ETL_PROJECT/etl/.snakemake/log/2025-08-20T134350.376031.snakemake.log
